<?xml version="1.0" encoding="UTF-8"?>
<coverage generated="1672796961468" clover="3.2.0">
  <project timestamp="1672796961468" name="All files">
    <metrics statements="15" coveredstatements="15" conditionals="0" coveredconditionals="0" methods="8" coveredmethods="8" elements="23" coveredelements="23" complexity="0" loc="15" ncloc="15" packages="1" files="2" classes="2"/>
    <file name="Employee.js" path="/Users/kassandrarojas/bootcamp/challenges/team-profile-generator-usingOOP/Develop/lib/Employee.js">
      <metrics statements="9" coveredstatements="9" conditionals="0" coveredconditionals="0" methods="5" coveredmethods="5"/>
      <line num="3" count="12" type="stmt"/>
      <line num="4" count="12" type="stmt"/>
      <line num="5" count="12" type="stmt"/>
      <line num="6" count="12" type="stmt"/>
      <line num="10" count="1" type="stmt"/>
      <line num="14" count="1" type="stmt"/>
      <line num="18" count="1" type="stmt"/>
      <line num="22" count="1" type="stmt"/>
      <line num="26" count="2" type="stmt"/>
    </file>
    <file name="Engineer.js" path="/Users/kassandrarojas/bootcamp/challenges/team-profile-generator-usingOOP/Develop/lib/Engineer.js">
      <metrics statements="6" coveredstatements="6" conditionals="0" coveredconditionals="0" methods="3" coveredmethods="3"/>
      <line num="1" count="1" type="stmt"/>
      <line num="5" count="4" type="stmt"/>
      <line num="6" count="4" type="stmt"/>
      <line num="10" count="1" type="stmt"/>
      <line num="14" count="1" type="stmt"/>
      <line num="18" count="1" type="stmt"/>
    </file>
  </project>
</coverage>
