TN:
SF:/Users/kassandrarojas/bootcamp/challenges/team-profile-generator-usingOOP/Develop/lib/Employee.js
FN:2,(anonymous_0)
FN:9,(anonymous_1)
FN:13,(anonymous_2)
FN:17,(anonymous_3)
FN:21,(anonymous_4)
FNF:5
FNH:5
FNDA:12,(anonymous_0)
FNDA:1,(anonymous_1)
FNDA:1,(anonymous_2)
FNDA:1,(anonymous_3)
FNDA:1,(anonymous_4)
DA:3,12
DA:4,12
DA:5,12
DA:6,12
DA:10,1
DA:14,1
DA:18,1
DA:22,1
DA:26,2
LF:9
LH:9
BRF:0
BRH:0
end_of_record
TN:
SF:/Users/kassandrarojas/bootcamp/challenges/team-profile-generator-usingOOP/Develop/lib/Engineer.js
FN:4,(anonymous_0)
FN:9,(anonymous_1)
FN:13,(anonymous_2)
FNF:3
FNH:3
FNDA:4,(anonymous_0)
FNDA:1,(anonymous_1)
FNDA:1,(anonymous_2)
DA:1,1
DA:5,4
DA:6,4
DA:10,1
DA:14,1
DA:18,1
LF:6
LH:6
BRF:0
BRH:0
end_of_record
